[2025-05-06T20:19:55.570Z] Starting duplicate fixing process...
[2025-05-06T20:19:55.571Z] Starting to fix duplicate doctors...
[2025-05-06T20:19:56.168Z] Found 8 doctors in database
[2025-05-06T20:19:56.168Z] Doctor: other-doctors - Dr. Naveen & Team (Inactive)
[2025-05-06T20:19:56.168Z] Doctor: 8134c5a1-aad1-4f98-9dde-3335077f2290 - Dr Naveen (Inactive)
[2025-05-06T20:19:56.168Z] Doctor: 426f57a5-b2cd-4027-a790-a77e960a7703 - Dr. Naveen (Inactive)
[2025-05-06T20:19:56.169Z] Doctor: 4bcc6177-0875-4789-92e1-efe9b2181901 - Sports Orthopaedic Doctors (Inactive)
[2025-05-06T20:19:56.169Z] Doctor: dr-sameer - Dr. Sameer (Inactive)
[2025-05-06T20:19:56.169Z] Doctor: 531a972a-3ead-4356-91d5-0cbd0f8f10cc - Dr. Naveen & Team (Inactive)
[2025-05-06T20:19:56.169Z] Doctor: 6a6d2933-665c-4863-8a4c-1ba1e089273a - Dr. Naveen & Team (Inactive)
[2025-05-06T20:19:56.170Z] Doctor: 2e3de056-4948-4038-982f-74338d1f1e62 - Dr. Naveen & Team (Inactive)
[2025-05-06T20:19:56.281Z] Updating 2 appointments from doctor other-doctors to 2e3de056-4948-4038-982f-74338d1f1e62...
[2025-05-06T20:19:56.424Z] Updated 2 appointments for doctor other-doctors
[2025-05-06T20:19:56.489Z] Updating 676 appointments from doctor 531a972a-3ead-4356-91d5-0cbd0f8f10cc to 2e3de056-4948-4038-982f-74338d1f1e62...
[2025-05-06T20:19:56.595Z] Updated 676 appointments for doctor 531a972a-3ead-4356-91d5-0cbd0f8f10cc
[2025-05-06T20:19:56.657Z] Updating 567 appointments from doctor 6a6d2933-665c-4863-8a4c-1ba1e089273a to 2e3de056-4948-4038-982f-74338d1f1e62...
[2025-05-06T20:19:56.740Z] Updated 567 appointments for doctor 6a6d2933-665c-4863-8a4c-1ba1e089273a
[2025-05-06T20:19:56.796Z] Updating 744 appointments from doctor 8134c5a1-aad1-4f98-9dde-3335077f2290 to 426f57a5-b2cd-4027-a790-a77e960a7703...
[2025-05-06T20:19:56.884Z] Updated 744 appointments for doctor 8134c5a1-aad1-4f98-9dde-3335077f2290
[2025-05-06T20:19:56.991Z] Updating 7 schedules from doctor other-doctors to 2e3de056-4948-4038-982f-74338d1f1e62...
[2025-05-06T20:19:57.105Z] Updated 7 schedules for doctor other-doctors
[2025-05-06T20:19:57.159Z] Updating 6 schedules from doctor 531a972a-3ead-4356-91d5-0cbd0f8f10cc to 2e3de056-4948-4038-982f-74338d1f1e62...
[2025-05-06T20:19:57.216Z] Updated 6 schedules for doctor 531a972a-3ead-4356-91d5-0cbd0f8f10cc
[2025-05-06T20:19:57.273Z] Updating 6 schedules from doctor 6a6d2933-665c-4863-8a4c-1ba1e089273a to 2e3de056-4948-4038-982f-74338d1f1e62...
[2025-05-06T20:19:57.332Z] Updated 6 schedules for doctor 6a6d2933-665c-4863-8a4c-1ba1e089273a
[2025-05-06T20:19:57.385Z] No schedules found for doctor 8134c5a1-aad1-4f98-9dde-3335077f2290
[2025-05-06T20:19:57.525Z] Updating 2 special dates from doctor other-doctors to 2e3de056-4948-4038-982f-74338d1f1e62...
[2025-05-06T20:19:57.653Z] Updated 2 special dates for doctor other-doctors
[2025-05-06T20:19:57.706Z] Updating 2 special dates from doctor 531a972a-3ead-4356-91d5-0cbd0f8f10cc to 2e3de056-4948-4038-982f-74338d1f1e62...
[2025-05-06T20:19:57.764Z] Updated 2 special dates for doctor 531a972a-3ead-4356-91d5-0cbd0f8f10cc
[2025-05-06T20:19:57.817Z] No special dates found for doctor 6a6d2933-665c-4863-8a4c-1ba1e089273a
[2025-05-06T20:19:57.870Z] No special dates found for doctor 8134c5a1-aad1-4f98-9dde-3335077f2290
[2025-05-06T20:19:57.870Z] Deleting duplicate doctor other-doctors...
[2025-05-06T20:19:57.997Z] Successfully deleted duplicate doctor other-doctors
[2025-05-06T20:19:57.997Z] Deleting duplicate doctor 531a972a-3ead-4356-91d5-0cbd0f8f10cc...
[2025-05-06T20:19:58.055Z] Successfully deleted duplicate doctor 531a972a-3ead-4356-91d5-0cbd0f8f10cc
[2025-05-06T20:19:58.056Z] Deleting duplicate doctor 6a6d2933-665c-4863-8a4c-1ba1e089273a...
[2025-05-06T20:19:58.114Z] Successfully deleted duplicate doctor 6a6d2933-665c-4863-8a4c-1ba1e089273a
[2025-05-06T20:19:58.115Z] Deleting duplicate doctor 8134c5a1-aad1-4f98-9dde-3335077f2290...
[2025-05-06T20:19:58.175Z] Successfully deleted duplicate doctor 8134c5a1-aad1-4f98-9dde-3335077f2290
[2025-05-06T20:19:58.175Z] Finished fixing duplicate doctors
[2025-05-06T20:19:58.176Z] Checking for duplicate appointments...
[2025-05-06T20:19:58.303Z] Found 5 sets of duplicate appointments
[2025-05-06T20:19:58.303Z] Duplicate set: Pooja Garg with 2e3de056-4948-4038-982f-74338d1f1e62 on Thu May 01 2025 05:30:00 GMT+0530 (India Standard Time) at 10:00 (2 duplicates)
[2025-05-06T20:19:58.304Z]   Appointment IDs: 83c2a841-3414-4964-ac7a-bab9cb3cdf2a, 38bc54f2-2a60-4f85-9a62-4f3804046bd9
[2025-05-06T20:19:58.304Z]   Keeping appointment 83c2a841-3414-4964-ac7a-bab9cb3cdf2a
[2025-05-06T20:19:58.304Z]   Deleting duplicate appointment 38bc54f2-2a60-4f85-9a62-4f3804046bd9...
[2025-05-06T20:19:58.416Z]   Successfully deleted duplicate appointment 38bc54f2-2a60-4f85-9a62-4f3804046bd9
[2025-05-06T20:19:58.417Z] Duplicate set: Ram Preet with 2e3de056-4948-4038-982f-74338d1f1e62 on Thu May 01 2025 05:30:00 GMT+0530 (India Standard Time) at 10:00 (2 duplicates)
[2025-05-06T20:19:58.417Z]   Appointment IDs: 51f62779-8e57-4d0d-9a0b-aa8d7d4e527a, 350441e3-22bd-4a78-b604-28ad4113b288
[2025-05-06T20:19:58.417Z]   Keeping appointment 51f62779-8e57-4d0d-9a0b-aa8d7d4e527a
[2025-05-06T20:19:58.417Z]   Deleting duplicate appointment 350441e3-22bd-4a78-b604-28ad4113b288...
[2025-05-06T20:19:58.483Z]   Successfully deleted duplicate appointment 350441e3-22bd-4a78-b604-28ad4113b288
[2025-05-06T20:19:58.484Z] Duplicate set: Rashid Pattakal with 2e3de056-4948-4038-982f-74338d1f1e62 on Thu May 01 2025 05:30:00 GMT+0530 (India Standard Time) at 10:00 (2 duplicates)
[2025-05-06T20:19:58.484Z]   Appointment IDs: 7516951d-e33c-4bea-b711-75975eb90f0b, 29a50351-15ae-4cc4-8a33-3d36194d5451
[2025-05-06T20:19:58.484Z]   Keeping appointment 7516951d-e33c-4bea-b711-75975eb90f0b
[2025-05-06T20:19:58.484Z]   Deleting duplicate appointment 29a50351-15ae-4cc4-8a33-3d36194d5451...
[2025-05-06T20:19:58.554Z]   Successfully deleted duplicate appointment 29a50351-15ae-4cc4-8a33-3d36194d5451
[2025-05-06T20:19:58.555Z] Duplicate set: Samarjheet S with 2e3de056-4948-4038-982f-74338d1f1e62 on Thu May 01 2025 05:30:00 GMT+0530 (India Standard Time) at 10:00 (2 duplicates)
[2025-05-06T20:19:58.555Z]   Appointment IDs: 2aceffc6-9784-4c9f-8527-fdc4130bdd16, 40fe15e1-3fcd-455f-baa6-2c712b68605a
[2025-05-06T20:19:58.555Z]   Keeping appointment 2aceffc6-9784-4c9f-8527-fdc4130bdd16
[2025-05-06T20:19:58.555Z]   Deleting duplicate appointment 40fe15e1-3fcd-455f-baa6-2c712b68605a...
[2025-05-06T20:19:58.630Z]   Successfully deleted duplicate appointment 40fe15e1-3fcd-455f-baa6-2c712b68605a
[2025-05-06T20:19:58.631Z] Duplicate set: Sukanya Chakraborty with dr-sameer on Thu May 01 2025 05:30:00 GMT+0530 (India Standard Time) at 10:00 (2 duplicates)
[2025-05-06T20:19:58.631Z]   Appointment IDs: 90686acb-14d6-444b-b65c-4201e2c8cd55, c82f2123-d692-491c-bd21-4b9f12a27219
[2025-05-06T20:19:58.631Z]   Keeping appointment 90686acb-14d6-444b-b65c-4201e2c8cd55
[2025-05-06T20:19:58.631Z]   Deleting duplicate appointment c82f2123-d692-491c-bd21-4b9f12a27219...
[2025-05-06T20:19:58.710Z]   Successfully deleted duplicate appointment c82f2123-d692-491c-bd21-4b9f12a27219
[2025-05-06T20:19:58.711Z] Finished fixing duplicate appointments
[2025-05-06T20:19:58.711Z] All duplicate fixing operations completed successfully
