[2025-05-06T20:23:27.429Z] Starting comprehensive duplicate appointment check...
[2025-05-06T20:23:27.430Z] Checking for exact duplicate appointments...
[2025-05-06T20:23:28.024Z] No exact duplicate appointments found
[2025-05-06T20:23:28.025Z] Checking for duplicate appointments with similar patient names...
[2025-05-06T20:23:28.543Z] Found 3383 total appointments
[2025-05-06T20:23:28.555Z] Found 4 pairs of appointments with similar patient names
[2025-05-06T20:23:28.555Z] Potential duplicate pair: 0.19 similarity
[2025-05-06T20:23:28.555Z]   1: mangla veerkar (ID: 7e80571e-3bd8-4ceb-9397-ba18a8efa4ab, Created: 2025-04-16T12:00:00.000Z)
[2025-05-06T20:23:28.556Z]   2: pakkiramma pakkiramma (ID: fb32c5ba-07dd-4813-bb50-40089066c876, Created: 2025-04-12T11:39:00.000Z)
[2025-05-06T20:23:28.556Z]   Date: 2025-04-19, Doctor: 426f57a5-b2cd-4027-a790-a77e960a7703, Time: 11:40
[2025-05-06T20:23:28.556Z]   Phone: 8548818689 vs 9886488080, Email: Sportsorthopedics.in@gmail.com vs Sportsorthopedics.in@gmail.com
[2025-05-06T20:23:28.556Z]   Confirmed as duplicate. Keeping fb32c5ba-07dd-4813-bb50-40089066c876 (created earlier)
[2025-05-06T20:23:28.556Z]   Deleting duplicate appointment 7e80571e-3bd8-4ceb-9397-ba18a8efa4ab...
[2025-05-06T20:23:28.760Z]   Successfully deleted duplicate appointment 7e80571e-3bd8-4ceb-9397-ba18a8efa4ab
[2025-05-06T20:23:28.761Z] Potential duplicate pair: 0.19 similarity
[2025-05-06T20:23:28.761Z]   1: mangla veerkar (ID: 1c61578c-b9af-4e8d-82c7-5ef7ea6bd952, Created: 2025-04-16T12:00:00.000Z)
[2025-05-06T20:23:28.761Z]   2: pakkiramma pakkiramma (ID: f6b11ca8-5c25-48a2-a5a5-16e2a7ec68fd, Created: 2025-04-12T11:39:00.000Z)
[2025-05-06T20:23:28.762Z]   Date: 2025-04-19, Doctor: 2e3de056-4948-4038-982f-74338d1f1e62, Time: 11:40
[2025-05-06T20:23:28.762Z]   Phone: 8548818689 vs 9886488080, Email: Sportsorthopedics.in@gmail.com vs Sportsorthopedics.in@gmail.com
[2025-05-06T20:23:28.762Z]   Confirmed as duplicate. Keeping f6b11ca8-5c25-48a2-a5a5-16e2a7ec68fd (created earlier)
[2025-05-06T20:23:28.762Z]   Deleting duplicate appointment 1c61578c-b9af-4e8d-82c7-5ef7ea6bd952...
[2025-05-06T20:23:28.816Z]   Successfully deleted duplicate appointment 1c61578c-b9af-4e8d-82c7-5ef7ea6bd952
[2025-05-06T20:23:28.816Z] Potential duplicate pair: 0.18 similarity
[2025-05-06T20:23:28.816Z]   1: Mudumba Sai Sri Harsha (ID: 31bbd6db-814b-4a9d-848d-961bba6792c0, Created: 2025-05-03T13:09:23.257Z)
[2025-05-06T20:23:28.816Z]   2: Harsaaa (ID: ec39ef84-ab44-4a75-95b0-840a5bbe8c96, Created: 2025-05-03T08:27:05.604Z)
[2025-05-06T20:23:28.817Z]   Date: 2025-05-05, Doctor: dr-sameer, Time: 12:20
[2025-05-06T20:23:28.817Z]   Phone: +918374283166 vs 08374283166, Email: mudumbaharsha@gmail.com vs mudumbaharsha@gmail.com
[2025-05-06T20:23:28.817Z]   Confirmed as duplicate. Keeping ec39ef84-ab44-4a75-95b0-840a5bbe8c96 (created earlier)
[2025-05-06T20:23:28.817Z]   Deleting duplicate appointment 31bbd6db-814b-4a9d-848d-961bba6792c0...
[2025-05-06T20:23:28.871Z]   Successfully deleted duplicate appointment 31bbd6db-814b-4a9d-848d-961bba6792c0
[2025-05-06T20:23:28.872Z] Potential duplicate pair: 0.08 similarity
[2025-05-06T20:23:28.872Z]   1: Samarjheet S (ID: 2aceffc6-9784-4c9f-8527-fdc4130bdd16, Created: 2025-05-01T11:43:37.986Z)
[2025-05-06T20:23:28.872Z]   2: Pooja Garg (ID: 83c2a841-3414-4964-ac7a-bab9cb3cdf2a, Created: 2025-05-01T11:43:38.520Z)
[2025-05-06T20:23:28.872Z]   Date: 2025-05-01, Doctor: 2e3de056-4948-4038-982f-74338d1f1e62, Time: 10:00
[2025-05-06T20:23:28.872Z]   Phone: +918754388083 vs 8978876677, Email: Sportsorthopedics.in@gmail.com vs Sportsorthopedics.in@gmail.com
[2025-05-06T20:23:28.873Z]   Confirmed as duplicate. Keeping 2aceffc6-9784-4c9f-8527-fdc4130bdd16 (created earlier)
[2025-05-06T20:23:28.873Z]   Deleting duplicate appointment 83c2a841-3414-4964-ac7a-bab9cb3cdf2a...
[2025-05-06T20:23:28.927Z]   Successfully deleted duplicate appointment 83c2a841-3414-4964-ac7a-bab9cb3cdf2a
[2025-05-06T20:23:28.928Z] Removed 4 similar-name duplicate appointments
[2025-05-06T20:23:28.928Z] Checking for overlapping appointments...
[2025-05-06T20:23:29.284Z] Found 0 overlapping appointments, removed 0
[2025-05-06T20:23:29.284Z] Summary of duplicate appointment removal:
[2025-05-06T20:23:29.284Z]   - Exact duplicates removed: 0
[2025-05-06T20:23:29.284Z]   - Similar name duplicates removed: 4
[2025-05-06T20:23:29.284Z]   - Overlapping appointments removed: 0
[2025-05-06T20:23:29.284Z]   - Total appointments removed: 4
[2025-05-06T20:23:29.285Z] All duplicate fixing operations completed successfully
